<?xml version="1.0" encoding="UTF-8"?>
<!-- Generated by org.testng.reporters.JUnitReportReporter -->
<testsuite hostname="EF-xueyuan" name="com.mz.service.TrackerServiceTest" tests="2" failures="0" timestamp="1 Dec 2014 07:37:07 GMT" time="0.419" errors="0">
  <testcase name="testGetTrackersOffline" time="0.023" classname="com.mz.service.TrackerServiceTest"/>
  <testcase name="testGetTrackers" time="0.396" classname="com.mz.service.TrackerServiceTest"/>
</testsuite> <!-- com.mz.service.TrackerServiceTest -->
