<?xml version="1.0" encoding="UTF-8"?>
<!-- Generated by org.testng.reporters.JUnitReportReporter -->
<testsuite hostname="EF-xueyuan" name="com.mz.service.TrackerServiceTest" tests="2" failures="0" timestamp="18 Nov 2014 07:51:59 GMT" time="0.403" errors="0">
  <testcase name="testSelectAllTracker" time="0.018" classname="com.mz.service.TrackerServiceTest"/>
  <testcase name="testAlertOffline" time="0.385" classname="com.mz.service.TrackerServiceTest"/>
</testsuite> <!-- com.mz.service.TrackerServiceTest -->
