<?xml version="1.0" encoding="UTF-8"?>
<!-- Generated by org.testng.reporters.JUnitReportReporter -->
<testsuite hostname="EF-xueyuan" name="com.mz.service.TrackerServiceTest" tests="2" failures="0" timestamp="24 Nov 2014 07:42:38 GMT" time="0.410" errors="0">
  <testcase name="testAlertOffline" time="0.390" classname="com.mz.service.TrackerServiceTest"/>
  <testcase name="testSelectAllTracker" time="0.020" classname="com.mz.service.TrackerServiceTest"/>
</testsuite> <!-- com.mz.service.TrackerServiceTest -->
