<?xml version="1.0" encoding="UTF-8"?>
<!-- Generated by org.testng.reporters.JUnitReportReporter -->
<testsuite hostname="EF-xueyuan" name="com.mz.service.StorageServiceTest" tests="9" failures="0" timestamp="1 Dec 2014 07:50:04 GMT" time="0.665" errors="0">
  <testcase name="testGetStoragesPeriod1" time="0.026" classname="com.mz.service.StorageServiceTest"/>
  <testcase name="testGetStoragesOffline" time="0.029" classname="com.mz.service.StorageServiceTest"/>
  <testcase name="testGetStoragesNum" time="0.029" classname="com.mz.service.StorageServiceTest"/>
  <testcase name="testSetServerThreshold" time="0.034" classname="com.mz.service.StorageServiceTest"/>
  <testcase name="testGetGroupStorages" time="0.420" classname="com.mz.service.StorageServiceTest"/>
  <testcase name="testGetStorage" time="0.040" classname="com.mz.service.StorageServiceTest"/>
  <testcase name="testGetStoragesByGroup" time="0.034" classname="com.mz.service.StorageServiceTest"/>
  <testcase name="testGetStoragesLessFreeStorage" time="0.026" classname="com.mz.service.StorageServiceTest"/>
  <testcase name="testGetStoragesPeriod7" time="0.027" classname="com.mz.service.StorageServiceTest"/>
</testsuite> <!-- com.mz.service.StorageServiceTest -->
