<?xml version="1.0" encoding="UTF-8"?>
<!-- Generated by org.testng.reporters.JUnitReportReporter -->
<testsuite hostname="EF-xueyuan" name="com.mz.service.SimpleTest" tests="1" failures="0" timestamp="18 Nov 2014 01:41:04 GMT" time="0.263" errors="0">
  <testcase name="testDemo" time="0.263" classname="com.mz.service.SimpleTest"/>
</testsuite> <!-- com.mz.service.SimpleTest -->
