<?xml version="1.0" encoding="UTF-8"?>
<!-- Generated by org.testng.reporters.JUnitReportReporter -->
<testsuite hostname="EF-xueyuan" name="com.mz.service.StorageServiceTest" tests="9" failures="0" timestamp="24 Nov 2014 07:42:29 GMT" time="0.678" errors="0">
  <testcase name="testAlertOffline" time="0.058" classname="com.mz.service.StorageServiceTest"/>
  <testcase name="testSelectStoragePeriod7" time="0.025" classname="com.mz.service.StorageServiceTest"/>
  <testcase name="testSelectStoragePeriod1" time="0.027" classname="com.mz.service.StorageServiceTest"/>
  <testcase name="testCountStorage" time="0.044" classname="com.mz.service.StorageServiceTest"/>
  <testcase name="testSelectGroupInfo" time="0.038" classname="com.mz.service.StorageServiceTest"/>
  <testcase name="testSelectStorageByGroup" time="0.028" classname="com.mz.service.StorageServiceTest"/>
  <testcase name="testAlertFreeStorage" time="0.401" classname="com.mz.service.StorageServiceTest"/>
  <testcase name="testUpdateServerThreshold" time="0.030" classname="com.mz.service.StorageServiceTest"/>
  <testcase name="testSelectStorageById" time="0.027" classname="com.mz.service.StorageServiceTest"/>
</testsuite> <!-- com.mz.service.StorageServiceTest -->
