<?xml version="1.0" encoding="UTF-8"?>
<!-- Generated by org.testng.reporters.JUnitReportReporter -->
<testsuite hostname="EF-xueyuan" name="com.mz.service.StorageServiceTest" tests="9" failures="0" timestamp="19 Nov 2014 03:46:40 GMT" time="0.644" errors="0">
  <testcase name="testSelectGroupInfo" time="0.038" classname="com.mz.service.StorageServiceTest"/>
  <testcase name="testUpdateServerThreshold" time="0.029" classname="com.mz.service.StorageServiceTest"/>
  <testcase name="testSelectStoragePeriod1" time="0.027" classname="com.mz.service.StorageServiceTest"/>
  <testcase name="testSelectStoragePeriod7" time="0.025" classname="com.mz.service.StorageServiceTest"/>
  <testcase name="testSelectStorageById" time="0.024" classname="com.mz.service.StorageServiceTest"/>
  <testcase name="testAlertFreeStorage" time="0.391" classname="com.mz.service.StorageServiceTest"/>
  <testcase name="testSelectStorageByGroup" time="0.023" classname="com.mz.service.StorageServiceTest"/>
  <testcase name="testCountStorage" time="0.032" classname="com.mz.service.StorageServiceTest"/>
  <testcase name="testAlertOffline" time="0.055" classname="com.mz.service.StorageServiceTest"/>
</testsuite> <!-- com.mz.service.StorageServiceTest -->
