<?xml version="1.0" encoding="UTF-8"?>
<!-- Generated by org.testng.reporters.JUnitReportReporter -->
<testsuite hostname="EF-xueyuan" name="com.mz.service.UserServiceTest" tests="5" failures="0" timestamp="24 Nov 2014 07:42:48 GMT" time="0.509" errors="0">
  <testcase name="testSelectByUsername" time="0.028" classname="com.mz.service.UserServiceTest"/>
  <testcase name="testCountUser" time="0.016" classname="com.mz.service.UserServiceTest"/>
  <testcase name="testLoginCheck" time="0.020" classname="com.mz.service.UserServiceTest"/>
  <testcase name="testAddUser" time="0.423" classname="com.mz.service.UserServiceTest"/>
  <testcase name="testDeleteUser" time="0.022" classname="com.mz.service.UserServiceTest"/>
</testsuite> <!-- com.mz.service.UserServiceTest -->
