<?xml version="1.0" encoding="UTF-8"?>
<!-- Generated by org.testng.reporters.JUnitReportReporter -->
<testsuite hostname="EF-xueyuan" name="com.mz.service.TrackerServiceTest" tests="1" failures="0" timestamp="19 Nov 2014 08:21:55 GMT" time="0.379" errors="0">
  <testcase name="testAlertOffline" time="0.379" classname="com.mz.service.TrackerServiceTest"/>
</testsuite> <!-- com.mz.service.TrackerServiceTest -->
