<?xml version="1.0" encoding="UTF-8"?>
<!-- Generated by org.testng.reporters.JUnitReportReporter -->
<testsuite hostname="EF-xueyuan" name="com.mz.service.UserServiceTest" tests="5" failures="0" timestamp="18 Nov 2014 07:50:23 GMT" time="0.527" errors="0">
  <testcase name="testCountUser" time="0.016" classname="com.mz.service.UserServiceTest"/>
  <testcase name="testAddUser" time="0.453" classname="com.mz.service.UserServiceTest"/>
  <testcase name="testDeleteUser" time="0.022" classname="com.mz.service.UserServiceTest"/>
  <testcase name="testSelectByUsername" time="0.018" classname="com.mz.service.UserServiceTest"/>
  <testcase name="testLoginCheck" time="0.018" classname="com.mz.service.UserServiceTest"/>
</testsuite> <!-- com.mz.service.UserServiceTest -->
