<?xml version="1.0" encoding="UTF-8"?>
<!-- Generated by org.testng.reporters.JUnitReportReporter -->
<testsuite hostname="EF-xueyuan" name="com.mz.service.UserServiceTest" tests="5" failures="0" timestamp="1 Dec 2014 07:36:04 GMT" time="0.557" errors="0">
  <testcase name="testGetUser" time="0.025" classname="com.mz.service.UserServiceTest"/>
  <testcase name="testDeleteUser" time="0.028" classname="com.mz.service.UserServiceTest"/>
  <testcase name="testGetUsersNum" time="0.017" classname="com.mz.service.UserServiceTest"/>
  <testcase name="testIsLogin" time="0.049" classname="com.mz.service.UserServiceTest"/>
  <testcase name="testAddUser" time="0.438" classname="com.mz.service.UserServiceTest"/>
</testsuite> <!-- com.mz.service.UserServiceTest -->
