<?xml version="1.0" encoding="UTF-8"?>
<!-- Generated by org.testng.reporters.JUnitReportReporter -->
<testsuite hostname="EF-xueyuan" name="com.mz.service.UserServiceTest" tests="5" failures="0" timestamp="18 Nov 2014 10:05:07 GMT" time="0.516" errors="0">
  <testcase name="testCountUser" time="0.015" classname="com.mz.service.UserServiceTest"/>
  <testcase name="testAddUser" time="0.439" classname="com.mz.service.UserServiceTest"/>
  <testcase name="testLoginCheck" time="0.018" classname="com.mz.service.UserServiceTest"/>
  <testcase name="testDeleteUser" time="0.024" classname="com.mz.service.UserServiceTest"/>
  <testcase name="testSelectByUsername" time="0.020" classname="com.mz.service.UserServiceTest"/>
</testsuite> <!-- com.mz.service.UserServiceTest -->
