<?xml version="1.0" encoding="UTF-8"?>
<!-- Generated by org.testng.reporters.JUnitReportReporter -->
<testsuite hostname="EF-xueyuan" name="com.mz.service.StorageServiceTest" tests="9" failures="0" timestamp="19 Nov 2014 08:24:47 GMT" time="0.790" errors="0">
  <testcase name="testCountStorage" time="0.036" classname="com.mz.service.StorageServiceTest"/>
  <testcase name="testAlertFreeStorage" time="0.484" classname="com.mz.service.StorageServiceTest"/>
  <testcase name="testSelectStorageById" time="0.028" classname="com.mz.service.StorageServiceTest"/>
  <testcase name="testSelectStorageByGroup" time="0.047" classname="com.mz.service.StorageServiceTest"/>
  <testcase name="testSelectStoragePeriod1" time="0.028" classname="com.mz.service.StorageServiceTest"/>
  <testcase name="testSelectGroupInfo" time="0.046" classname="com.mz.service.StorageServiceTest"/>
  <testcase name="testSelectStoragePeriod7" time="0.029" classname="com.mz.service.StorageServiceTest"/>
  <testcase name="testAlertOffline" time="0.059" classname="com.mz.service.StorageServiceTest"/>
  <testcase name="testUpdateServerThreshold" time="0.033" classname="com.mz.service.StorageServiceTest"/>
</testsuite> <!-- com.mz.service.StorageServiceTest -->
