<?xml version="1.0" encoding="UTF-8"?>
<!-- Generated by org.testng.reporters.JUnitReportReporter -->
<testsuite hostname="EF-xueyuan" name="com.mz.service.UserServiceTest" tests="1" failures="0" timestamp="18 Nov 2014 01:54:05 GMT" time="0.454" errors="0">
  <testcase name="testLoginCheck" time="0.454" classname="com.mz.service.UserServiceTest"/>
</testsuite> <!-- com.mz.service.UserServiceTest -->
